INFO 2020-10-26 17:51:17,881 登录功能开始
INFO 2020-10-26 17:51:17,890 info message
INFO 2020-10-26 17:51:21,029 -----输入用户名-----
INFO 2020-10-26 17:51:21,029 info message
INFO 2020-10-26 17:51:24,174 -----输入密码-----
INFO 2020-10-26 17:51:24,174 info message
INFO 2020-10-26 17:51:27,264 --点击登录--
INFO 2020-10-26 17:51:27,264 info message
INFO 2020-10-26 17:51:27,268 --获取弹出框内容--
INFO 2020-10-26 17:51:27,282 info message
INFO 2020-10-26 17:51:40,254 登录功能开始
INFO 2020-10-26 17:51:40,254 info message
INFO 2020-10-26 17:51:43,379 -----输入用户名-----
INFO 2020-10-26 17:51:43,379 info message
INFO 2020-10-26 17:51:46,459 -----输入密码-----
INFO 2020-10-26 17:51:46,459 info message
INFO 2020-10-26 17:51:49,532 --点击登录--
INFO 2020-10-26 17:51:49,532 info message
INFO 2020-10-26 17:51:49,536 --获取弹出框内容--
INFO 2020-10-26 17:51:49,536 info message
INFO 2020-10-26 17:52:02,438 登录功能开始
INFO 2020-10-26 17:52:02,438 info message
INFO 2020-10-26 17:52:05,605 -----输入用户名-----
INFO 2020-10-26 17:52:05,605 info message
INFO 2020-10-26 17:52:08,763 -----输入密码-----
INFO 2020-10-26 17:52:08,763 info message
INFO 2020-10-26 17:52:41,870 登录功能开始
INFO 2020-10-26 17:52:41,870 info message
INFO 2020-10-26 17:52:45,025 -----输入用户名-----
INFO 2020-10-26 17:52:45,025 info message
INFO 2020-10-26 17:52:48,118 -----输入密码-----
INFO 2020-10-26 17:52:48,118 info message
INFO 2020-10-26 17:52:51,716 --点击登录--
INFO 2020-10-26 17:52:51,717 info message
