INFO 2020-10-29 09:46:49,933 登录功能开始
INFO 2020-10-29 09:46:49,936 info message
INFO 2020-10-29 09:46:53,003 -----输入用户名-----
INFO 2020-10-29 09:46:53,004 info message
INFO 2020-10-29 09:46:56,069 -----输入密码-----
INFO 2020-10-29 09:46:56,069 info message
INFO 2020-10-29 09:46:59,126 --点击登录--
INFO 2020-10-29 09:46:59,126 info message
INFO 2020-10-29 09:46:59,128 --获取弹出框内容--
INFO 2020-10-29 09:46:59,128 info message
INFO 2020-10-29 09:47:10,295 登录功能开始
INFO 2020-10-29 09:47:10,295 info message
INFO 2020-10-29 09:47:13,354 -----输入用户名-----
INFO 2020-10-29 09:47:13,354 info message
INFO 2020-10-29 09:47:16,407 -----输入密码-----
INFO 2020-10-29 09:47:16,407 info message
INFO 2020-10-29 09:47:19,463 --点击登录--
INFO 2020-10-29 09:47:19,463 info message
INFO 2020-10-29 09:47:19,465 --获取弹出框内容--
INFO 2020-10-29 09:47:19,465 info message
INFO 2020-10-29 09:47:30,698 登录功能开始
INFO 2020-10-29 09:47:30,698 info message
INFO 2020-10-29 09:47:33,788 -----输入用户名-----
INFO 2020-10-29 09:47:33,788 info message
INFO 2020-10-29 09:47:36,856 -----输入密码-----
INFO 2020-10-29 09:47:36,856 info message
INFO 2020-10-29 09:47:39,956 --点击登录--
INFO 2020-10-29 09:47:39,956 info message
INFO 2020-10-29 09:47:39,958 --获取弹出框内容--
INFO 2020-10-29 09:47:39,958 info message
INFO 2020-10-29 09:47:51,192 登录功能开始
INFO 2020-10-29 09:47:51,192 info message
INFO 2020-10-29 09:47:54,269 -----输入用户名-----
INFO 2020-10-29 09:47:54,269 info message
INFO 2020-10-29 09:47:57,324 -----输入密码-----
INFO 2020-10-29 09:47:57,324 info message
INFO 2020-10-29 09:48:00,374 --点击登录--
INFO 2020-10-29 09:48:00,374 info message
INFO 2020-10-29 09:48:00,376 --获取弹出框内容--
INFO 2020-10-29 09:48:00,376 info message
INFO 2020-10-29 09:48:11,603 登录功能开始
INFO 2020-10-29 09:48:11,603 info message
INFO 2020-10-29 09:48:14,682 -----输入用户名-----
INFO 2020-10-29 09:48:14,682 info message
INFO 2020-10-29 09:48:17,750 -----输入密码-----
INFO 2020-10-29 09:48:17,750 info message
INFO 2020-10-29 09:48:21,023 --点击登录--
INFO 2020-10-29 09:48:21,023 info message
