
INFO 2020-10-24 16:51:26,450 登录功能开始
INFO 2020-10-24 16:51:26,450 info message
INFO 2020-10-24 16:51:29,552 -----输入用户名-----
INFO 2020-10-24 16:51:29,552 info message
INFO 2020-10-24 16:51:32,736 -----输入密码-----
INFO 2020-10-24 16:51:32,736 info message
INFO 2020-10-24 16:51:35,819 --点击登录--
INFO 2020-10-24 16:51:35,820 info message
INFO 2020-10-24 16:51:35,826 --获取弹出框内容--
INFO 2020-10-24 16:51:35,826 info message
INFO 2020-10-24 16:51:48,291 登录功能开始
INFO 2020-10-24 16:51:48,291 info message
INFO 2020-10-24 16:51:51,384 -----输入用户名-----
INFO 2020-10-24 16:51:51,384 info message
INFO 2020-10-24 16:51:54,465 -----输入密码-----
INFO 2020-10-24 16:51:54,465 info message
INFO 2020-10-24 16:51:57,578 --点击登录--
INFO 2020-10-24 16:51:57,578 info message
INFO 2020-10-24 16:51:57,584 --获取弹出框内容--
INFO 2020-10-24 16:51:57,585 info message
INFO 2020-10-24 16:52:09,870 登录功能开始
INFO 2020-10-24 16:52:09,871 info message
INFO 2020-10-24 16:52:13,092 -----输入用户名-----
INFO 2020-10-24 16:52:13,092 info message
INFO 2020-10-24 16:52:16,232 -----输入密码-----
INFO 2020-10-24 16:52:16,232 info message
INFO 2020-10-24 16:52:19,403 --点击登录--
INFO 2020-10-24 16:52:19,403 info message
INFO 2020-10-24 16:52:19,411 --获取弹出框内容--
INFO 2020-10-24 16:52:19,411 info message
INFO 2020-10-24 16:52:31,781 登录功能开始
INFO 2020-10-24 16:52:31,781 info message
INFO 2020-10-24 16:52:34,973 -----输入用户名-----
INFO 2020-10-24 16:52:34,973 info message
INFO 2020-10-24 16:52:38,055 -----输入密码-----
INFO 2020-10-24 16:52:38,056 info message
INFO 2020-10-24 16:52:41,163 --点击登录--
INFO 2020-10-24 16:52:41,164 info message
INFO 2020-10-24 16:52:41,170 --获取弹出框内容--
INFO 2020-10-24 16:52:41,170 info message
INFO 2020-10-24 16:52:53,812 登录功能开始
INFO 2020-10-24 16:52:53,813 info message
INFO 2020-10-24 16:52:56,985 -----输入用户名-----
INFO 2020-10-24 16:52:56,986 info message
INFO 2020-10-24 16:53:00,121 -----输入密码-----
INFO 2020-10-24 16:53:00,121 info message
INFO 2020-10-24 16:53:03,750 --点击登录--
INFO 2020-10-24 16:53:03,750 info message
INFO 2020-10-24 16:53:38,549 添加客户信息开始
INFO 2020-10-24 16:53:38,549 info message
INFO 2020-10-24 16:53:58,120 添加客户完成
INFO 2020-10-24 16:53:58,120 info message
INFO 2020-10-24 16:53:58,123 --获取弹出框内容--
INFO 2020-10-24 16:53:58,123 info message
INFO 2020-10-24 16:54:11,594 添加客户信息开始
INFO 2020-10-24 16:54:11,594 info message
INFO 2020-10-24 16:54:30,940 添加客户完成
INFO 2020-10-24 16:54:30,940 info message
INFO 2020-10-24 16:54:30,945 --获取弹出框内容--
INFO 2020-10-24 16:54:30,945 info message
INFO 2020-10-24 16:54:41,158 admin登录成功
INFO 2020-10-24 16:54:41,159 info message
INFO 2020-10-24 16:54:47,466 成功进入客户信息界面
INFO 2020-10-24 16:54:47,466 info message
INFO 2020-10-24 16:54:51,083 成功进入客户信息编辑界面
INFO 2020-10-24 16:54:51,083 info message
INFO 2020-10-24 16:54:54,244 客户的邮箱修改
INFO 2020-10-24 16:54:54,244 info message
INFO 2020-10-24 16:54:57,495 客户信息修改成功
INFO 2020-10-24 16:54:57,496 info message
INFO 2020-10-24 16:54:57,500 --获取弹出框内容--
INFO 2020-10-24 16:54:57,500 info message
