INFO 2020-10-28 14:42:00,555 登录功能开始
INFO 2020-10-28 14:42:00,587 info message
INFO 2020-10-28 14:42:04,017 -----输入用户名-----
INFO 2020-10-28 14:42:04,018 info message
INFO 2020-10-28 14:42:07,210 -----输入密码-----
INFO 2020-10-28 14:42:07,210 info message
INFO 2020-10-28 14:42:10,340 --点击登录--
INFO 2020-10-28 14:42:10,353 info message
INFO 2020-10-28 14:42:10,358 --获取弹出框内容--
INFO 2020-10-28 14:42:10,361 info message
INFO 2020-10-28 14:42:24,240 登录功能开始
INFO 2020-10-28 14:42:24,241 info message
INFO 2020-10-28 16:01:22,806 登录功能开始
INFO 2020-10-28 16:01:22,806 info message
INFO 2020-10-28 16:01:36,791 登录功能开始
INFO 2020-10-28 16:01:36,791 info message
INFO 2020-10-28 16:02:04,791 登录功能开始
INFO 2020-10-28 16:02:04,791 info message
INFO 2020-10-28 16:02:16,868 登录功能开始
INFO 2020-10-28 16:02:16,868 info message
INFO 2020-10-28 16:03:58,806 登录功能开始
INFO 2020-10-28 16:03:58,806 info message
INFO 2020-10-28 16:04:01,888 -----输入用户名-----
INFO 2020-10-28 16:04:01,888 info message
INFO 2020-10-28 16:04:05,146 -----输入密码-----
INFO 2020-10-28 16:04:05,146 info message
INFO 2020-10-28 16:04:08,248 --点击登录--
INFO 2020-10-28 16:04:08,248 info message
INFO 2020-10-28 16:04:08,255 --获取弹出框内容--
INFO 2020-10-28 16:04:08,256 info message
INFO 2020-10-28 16:04:20,654 登录功能开始
INFO 2020-10-28 16:04:20,655 info message
INFO 2020-10-28 16:04:24,032 -----输入用户名-----
INFO 2020-10-28 16:04:24,032 info message
INFO 2020-10-28 16:04:27,126 -----输入密码-----
INFO 2020-10-28 16:04:27,126 info message
INFO 2020-10-28 16:04:30,403 --点击登录--
INFO 2020-10-28 16:04:30,403 info message
INFO 2020-10-28 16:04:30,407 --获取弹出框内容--
INFO 2020-10-28 16:04:30,408 info message
INFO 2020-10-28 16:04:42,481 登录功能开始
INFO 2020-10-28 16:04:42,481 info message
INFO 2020-10-28 16:04:45,692 -----输入用户名-----
INFO 2020-10-28 16:04:45,692 info message
INFO 2020-10-28 16:04:48,829 -----输入密码-----
INFO 2020-10-28 16:04:48,830 info message
INFO 2020-10-28 16:04:52,502 --点击登录--
INFO 2020-10-28 16:04:52,502 info message
INFO 2020-10-28 16:04:52,508 --获取弹出框内容--
INFO 2020-10-28 16:04:52,508 info message
INFO 2020-10-28 16:05:04,472 登录功能开始
INFO 2020-10-28 16:05:04,472 info message
INFO 2020-10-28 16:05:07,684 -----输入用户名-----
INFO 2020-10-28 16:05:07,685 info message
INFO 2020-10-28 16:05:10,787 -----输入密码-----
INFO 2020-10-28 16:05:10,787 info message
INFO 2020-10-28 16:05:13,876 --点击登录--
INFO 2020-10-28 16:05:13,876 info message
INFO 2020-10-28 16:05:13,882 --获取弹出框内容--
INFO 2020-10-28 16:05:13,882 info message
INFO 2020-10-28 16:05:26,031 登录功能开始
INFO 2020-10-28 16:05:26,031 info message
INFO 2020-10-28 16:05:29,183 -----输入用户名-----
INFO 2020-10-28 16:05:29,183 info message
INFO 2020-10-28 16:05:32,285 -----输入密码-----
INFO 2020-10-28 16:05:32,285 info message
INFO 2020-10-28 16:05:36,219 --点击登录--
INFO 2020-10-28 16:05:36,219 info message
INFO 2020-10-28 16:18:06,557 登录功能开始
INFO 2020-10-28 16:18:06,558 info message
INFO 2020-10-28 16:18:09,653 -----输入用户名-----
INFO 2020-10-28 16:18:09,653 info message
INFO 2020-10-28 16:18:12,747 -----输入密码-----
INFO 2020-10-28 16:18:12,747 info message
INFO 2020-10-28 16:18:15,860 --点击登录--
INFO 2020-10-28 16:18:15,860 info message
INFO 2020-10-28 16:18:15,863 --获取弹出框内容--
INFO 2020-10-28 16:18:15,863 info message
INFO 2020-10-28 16:18:29,120 登录功能开始
INFO 2020-10-28 16:18:29,120 info message
INFO 2020-10-28 16:18:32,200 -----输入用户名-----
INFO 2020-10-28 16:18:32,200 info message
INFO 2020-10-28 16:18:35,288 -----输入密码-----
INFO 2020-10-28 16:18:35,288 info message
INFO 2020-10-28 16:18:38,390 --点击登录--
INFO 2020-10-28 16:18:38,390 info message
INFO 2020-10-28 16:18:38,394 --获取弹出框内容--
INFO 2020-10-28 16:18:38,395 info message
INFO 2020-10-28 16:18:51,681 登录功能开始
INFO 2020-10-28 16:18:51,681 info message
INFO 2020-10-28 16:18:54,780 -----输入用户名-----
INFO 2020-10-28 16:18:54,780 info message
INFO 2020-10-28 16:18:57,866 -----输入密码-----
INFO 2020-10-28 16:18:57,866 info message
INFO 2020-10-28 16:19:01,105 --点击登录--
INFO 2020-10-28 16:19:01,106 info message
INFO 2020-10-28 16:19:01,108 --获取弹出框内容--
INFO 2020-10-28 16:19:01,108 info message
INFO 2020-10-28 16:19:14,504 登录功能开始
INFO 2020-10-28 16:19:14,504 info message
INFO 2020-10-28 16:19:17,595 -----输入用户名-----
INFO 2020-10-28 16:19:17,595 info message
INFO 2020-10-28 16:19:20,684 -----输入密码-----
INFO 2020-10-28 16:19:20,684 info message
INFO 2020-10-28 16:19:23,773 --点击登录--
INFO 2020-10-28 16:19:23,773 info message
INFO 2020-10-28 16:19:23,777 --获取弹出框内容--
INFO 2020-10-28 16:19:23,778 info message
INFO 2020-10-28 16:19:36,808 登录功能开始
INFO 2020-10-28 16:19:36,809 info message
INFO 2020-10-28 16:19:39,914 -----输入用户名-----
INFO 2020-10-28 16:19:39,914 info message
INFO 2020-10-28 16:19:43,003 -----输入密码-----
INFO 2020-10-28 16:19:43,004 info message
INFO 2020-10-28 16:19:46,474 --点击登录--
INFO 2020-10-28 16:19:46,475 info message
INFO 2020-10-28 16:20:01,656 登录功能开始
INFO 2020-10-28 16:20:01,656 info message
INFO 2020-10-28 16:20:04,746 -----输入用户名-----
INFO 2020-10-28 16:20:04,747 info message
INFO 2020-10-28 16:20:07,837 -----输入密码-----
INFO 2020-10-28 16:20:07,837 info message
INFO 2020-10-28 16:20:10,965 --点击登录--
INFO 2020-10-28 16:20:10,965 info message
INFO 2020-10-28 16:20:10,968 --获取弹出框内容--
INFO 2020-10-28 16:20:10,969 info message
INFO 2020-10-28 16:20:24,407 登录功能开始
INFO 2020-10-28 16:20:24,408 info message
INFO 2020-10-28 16:20:27,497 -----输入用户名-----
INFO 2020-10-28 16:20:27,498 info message
INFO 2020-10-28 16:20:30,574 -----输入密码-----
INFO 2020-10-28 16:20:30,574 info message
INFO 2020-10-28 16:20:33,650 --点击登录--
INFO 2020-10-28 16:20:33,651 info message
INFO 2020-10-28 16:20:33,656 --获取弹出框内容--
INFO 2020-10-28 16:20:33,656 info message
INFO 2020-10-28 16:20:47,338 登录功能开始
INFO 2020-10-28 16:20:47,339 info message
INFO 2020-10-28 16:20:50,436 -----输入用户名-----
INFO 2020-10-28 16:20:50,437 info message
INFO 2020-10-28 16:20:53,547 -----输入密码-----
INFO 2020-10-28 16:20:53,547 info message
INFO 2020-10-28 16:20:56,756 --点击登录--
INFO 2020-10-28 16:20:56,756 info message
INFO 2020-10-28 16:20:56,824 --获取弹出框内容--
INFO 2020-10-28 16:20:56,824 info message
INFO 2020-10-28 16:21:09,745 登录功能开始
INFO 2020-10-28 16:21:09,746 info message
INFO 2020-10-28 16:21:12,848 -----输入用户名-----
INFO 2020-10-28 16:21:12,848 info message
INFO 2020-10-28 16:21:15,952 -----输入密码-----
INFO 2020-10-28 16:21:15,952 info message
INFO 2020-10-28 16:21:19,028 --点击登录--
INFO 2020-10-28 16:21:19,028 info message
INFO 2020-10-28 16:21:19,034 --获取弹出框内容--
INFO 2020-10-28 16:21:19,034 info message
INFO 2020-10-28 16:21:32,457 登录功能开始
INFO 2020-10-28 16:21:32,457 info message
INFO 2020-10-28 16:21:35,555 -----输入用户名-----
INFO 2020-10-28 16:21:35,555 info message
INFO 2020-10-28 16:21:38,670 -----输入密码-----
INFO 2020-10-28 16:21:38,671 info message
INFO 2020-10-28 16:21:42,539 --点击登录--
INFO 2020-10-28 16:21:42,540 info message
INFO 2020-10-28 16:24:11,224 登录功能开始
INFO 2020-10-28 16:24:11,224 info message
INFO 2020-10-28 16:24:14,309 -----输入用户名-----
INFO 2020-10-28 16:24:14,309 info message
INFO 2020-10-28 16:24:17,396 -----输入密码-----
INFO 2020-10-28 16:24:17,396 info message
INFO 2020-10-28 16:24:20,501 --点击登录--
INFO 2020-10-28 16:24:20,501 info message
INFO 2020-10-28 16:24:20,504 --获取弹出框内容--
INFO 2020-10-28 16:24:20,504 info message
INFO 2020-10-28 16:24:33,576 登录功能开始
INFO 2020-10-28 16:24:33,577 info message
INFO 2020-10-28 16:24:36,687 -----输入用户名-----
INFO 2020-10-28 16:24:36,687 info message
INFO 2020-10-28 16:24:39,759 -----输入密码-----
INFO 2020-10-28 16:24:39,759 info message
INFO 2020-10-28 16:24:42,832 --点击登录--
INFO 2020-10-28 16:24:42,832 info message
INFO 2020-10-28 16:24:42,836 --获取弹出框内容--
INFO 2020-10-28 16:24:42,837 info message
INFO 2020-10-28 16:24:55,793 登录功能开始
INFO 2020-10-28 16:24:55,794 info message
INFO 2020-10-28 16:24:58,937 -----输入用户名-----
INFO 2020-10-28 16:24:58,937 info message
INFO 2020-10-28 16:25:02,045 -----输入密码-----
INFO 2020-10-28 16:25:02,046 info message
INFO 2020-10-28 16:25:05,288 --点击登录--
INFO 2020-10-28 16:25:05,288 info message
INFO 2020-10-28 16:25:05,292 --获取弹出框内容--
INFO 2020-10-28 16:25:05,292 info message
INFO 2020-10-28 16:25:18,046 登录功能开始
INFO 2020-10-28 16:25:18,046 info message
INFO 2020-10-28 16:25:21,130 -----输入用户名-----
INFO 2020-10-28 16:25:21,131 info message
INFO 2020-10-28 16:25:24,209 -----输入密码-----
INFO 2020-10-28 16:25:24,209 info message
INFO 2020-10-28 16:25:27,293 --点击登录--
INFO 2020-10-28 16:25:27,293 info message
INFO 2020-10-28 16:25:27,298 --获取弹出框内容--
INFO 2020-10-28 16:25:27,298 info message
INFO 2020-10-28 16:25:39,808 登录功能开始
INFO 2020-10-28 16:25:39,808 info message
INFO 2020-10-28 16:25:42,939 -----输入用户名-----
INFO 2020-10-28 16:25:42,939 info message
INFO 2020-10-28 16:25:46,027 -----输入密码-----
INFO 2020-10-28 16:25:46,027 info message
INFO 2020-10-28 16:25:49,446 --点击登录--
INFO 2020-10-28 16:25:49,447 info message
INFO 2020-10-28 16:29:14,472 登录功能开始
INFO 2020-10-28 16:29:14,473 info message
INFO 2020-10-28 16:29:18,028 -----输入用户名-----
INFO 2020-10-28 16:29:18,028 info message
INFO 2020-10-28 16:29:21,287 -----输入密码-----
INFO 2020-10-28 16:29:21,287 info message
INFO 2020-10-28 16:29:24,370 --点击登录--
INFO 2020-10-28 16:29:24,370 info message
INFO 2020-10-28 16:29:24,373 --获取弹出框内容--
INFO 2020-10-28 16:29:24,373 info message
INFO 2020-10-28 16:29:38,014 登录功能开始
INFO 2020-10-28 16:29:38,015 info message
INFO 2020-10-28 16:29:41,105 -----输入用户名-----
INFO 2020-10-28 16:29:41,105 info message
INFO 2020-10-28 16:29:44,187 -----输入密码-----
INFO 2020-10-28 16:29:44,188 info message
INFO 2020-10-28 16:29:47,266 --点击登录--
INFO 2020-10-28 16:29:47,266 info message
INFO 2020-10-28 16:29:47,272 --获取弹出框内容--
INFO 2020-10-28 16:29:47,272 info message
INFO 2020-10-28 16:30:00,203 登录功能开始
INFO 2020-10-28 16:30:00,203 info message
INFO 2020-10-28 16:30:03,312 -----输入用户名-----
INFO 2020-10-28 16:30:03,313 info message
INFO 2020-10-28 16:30:06,402 -----输入密码-----
INFO 2020-10-28 16:30:06,403 info message
INFO 2020-10-28 16:30:09,566 --点击登录--
INFO 2020-10-28 16:30:09,566 info message
INFO 2020-10-28 16:30:09,570 --获取弹出框内容--
INFO 2020-10-28 16:30:09,571 info message
INFO 2020-10-28 16:30:22,553 登录功能开始
INFO 2020-10-28 16:30:22,553 info message
INFO 2020-10-28 16:30:25,681 -----输入用户名-----
INFO 2020-10-28 16:30:25,681 info message
INFO 2020-10-28 16:30:28,788 -----输入密码-----
INFO 2020-10-28 16:30:28,788 info message
INFO 2020-10-28 16:30:31,895 --点击登录--
INFO 2020-10-28 16:30:31,896 info message
INFO 2020-10-28 16:30:31,898 --获取弹出框内容--
INFO 2020-10-28 16:30:31,898 info message
INFO 2020-10-28 16:30:45,146 登录功能开始
INFO 2020-10-28 16:30:45,146 info message
INFO 2020-10-28 16:30:48,252 -----输入用户名-----
INFO 2020-10-28 16:30:48,253 info message
INFO 2020-10-28 16:30:51,361 -----输入密码-----
INFO 2020-10-28 16:30:51,362 info message
INFO 2020-10-28 16:30:54,839 --点击登录--
INFO 2020-10-28 16:30:54,839 info message
INFO 2020-10-28 16:34:11,714 登录功能开始
INFO 2020-10-28 16:34:11,715 info message
INFO 2020-10-28 16:34:14,795 -----输入用户名-----
INFO 2020-10-28 16:34:14,796 info message
INFO 2020-10-28 16:34:17,924 -----输入密码-----
INFO 2020-10-28 16:34:17,924 info message
INFO 2020-10-28 16:34:21,011 --点击登录--
INFO 2020-10-28 16:34:21,011 info message
INFO 2020-10-28 16:34:21,016 --获取弹出框内容--
INFO 2020-10-28 16:34:21,016 info message
INFO 2020-10-28 16:34:34,197 登录功能开始
INFO 2020-10-28 16:34:34,197 info message
INFO 2020-10-28 16:34:37,292 -----输入用户名-----
INFO 2020-10-28 16:34:37,293 info message
INFO 2020-10-28 16:34:40,400 -----输入密码-----
INFO 2020-10-28 16:34:40,400 info message
INFO 2020-10-28 16:34:43,485 --点击登录--
INFO 2020-10-28 16:34:43,485 info message
INFO 2020-10-28 16:34:43,489 --获取弹出框内容--
INFO 2020-10-28 16:34:43,489 info message
INFO 2020-10-28 16:34:56,030 登录功能开始
INFO 2020-10-28 16:34:56,030 info message
INFO 2020-10-28 16:34:59,132 -----输入用户名-----
INFO 2020-10-28 16:34:59,132 info message
INFO 2020-10-28 16:35:02,238 -----输入密码-----
INFO 2020-10-28 16:35:02,238 info message
INFO 2020-10-28 16:35:05,367 --点击登录--
INFO 2020-10-28 16:35:05,367 info message
INFO 2020-10-28 16:35:05,370 --获取弹出框内容--
INFO 2020-10-28 16:35:05,370 info message
INFO 2020-10-28 16:35:18,041 登录功能开始
INFO 2020-10-28 16:35:18,041 info message
INFO 2020-10-28 16:35:21,144 -----输入用户名-----
INFO 2020-10-28 16:35:21,144 info message
INFO 2020-10-28 16:35:24,219 -----输入密码-----
INFO 2020-10-28 16:35:24,220 info message
INFO 2020-10-28 16:35:27,297 --点击登录--
INFO 2020-10-28 16:35:27,297 info message
INFO 2020-10-28 16:35:27,301 --获取弹出框内容--
INFO 2020-10-28 16:35:27,302 info message
INFO 2020-10-28 16:35:42,585 登录功能开始
INFO 2020-10-28 16:35:42,586 info message
INFO 2020-10-28 16:35:45,673 -----输入用户名-----
INFO 2020-10-28 16:35:45,673 info message
INFO 2020-10-28 16:35:48,770 -----输入密码-----
INFO 2020-10-28 16:35:48,770 info message
INFO 2020-10-28 16:35:52,234 --点击登录--
INFO 2020-10-28 16:35:52,234 info message
INFO 2020-10-28 16:39:11,480 登录功能开始
INFO 2020-10-28 16:39:11,480 info message
INFO 2020-10-28 16:39:14,585 -----输入用户名-----
INFO 2020-10-28 16:39:14,585 info message
INFO 2020-10-28 16:39:17,696 -----输入密码-----
INFO 2020-10-28 16:39:17,696 info message
INFO 2020-10-28 16:39:20,790 --点击登录--
INFO 2020-10-28 16:39:20,791 info message
INFO 2020-10-28 16:39:20,795 --获取弹出框内容--
INFO 2020-10-28 16:39:20,795 info message
INFO 2020-10-28 16:39:37,181 登录功能开始
INFO 2020-10-28 16:39:37,182 info message
INFO 2020-10-28 16:39:40,281 -----输入用户名-----
INFO 2020-10-28 16:39:40,281 info message
INFO 2020-10-28 16:39:43,358 -----输入密码-----
INFO 2020-10-28 16:39:43,358 info message
INFO 2020-10-28 16:39:47,146 --点击登录--
INFO 2020-10-28 16:39:47,146 info message
INFO 2020-10-28 16:39:47,150 --获取弹出框内容--
INFO 2020-10-28 16:39:47,150 info message
INFO 2020-10-28 16:40:00,143 登录功能开始
INFO 2020-10-28 16:40:00,143 info message
INFO 2020-10-28 16:40:03,240 -----输入用户名-----
INFO 2020-10-28 16:40:03,240 info message
INFO 2020-10-28 16:40:06,335 -----输入密码-----
INFO 2020-10-28 16:40:06,335 info message
INFO 2020-10-28 16:40:09,520 --点击登录--
INFO 2020-10-28 16:40:09,520 info message
INFO 2020-10-28 16:40:09,525 --获取弹出框内容--
INFO 2020-10-28 16:40:09,526 info message
INFO 2020-10-28 16:40:24,187 登录功能开始
INFO 2020-10-28 16:40:24,188 info message
INFO 2020-10-28 16:40:27,288 -----输入用户名-----
INFO 2020-10-28 16:40:27,288 info message
INFO 2020-10-28 16:40:30,552 -----输入密码-----
INFO 2020-10-28 16:40:30,552 info message
INFO 2020-10-28 16:40:33,657 --点击登录--
INFO 2020-10-28 16:40:33,657 info message
INFO 2020-10-28 16:40:33,662 --获取弹出框内容--
INFO 2020-10-28 16:40:33,662 info message
INFO 2020-10-28 16:40:46,765 登录功能开始
INFO 2020-10-28 16:40:46,766 info message
INFO 2020-10-28 16:40:49,864 -----输入用户名-----
INFO 2020-10-28 16:40:49,864 info message
INFO 2020-10-28 16:40:52,955 -----输入密码-----
INFO 2020-10-28 16:40:52,955 info message
INFO 2020-10-28 16:40:56,478 --点击登录--
INFO 2020-10-28 16:40:56,481 info message
INFO 2020-10-28 16:57:13,708 登录功能开始
INFO 2020-10-28 16:57:13,708 info message
INFO 2020-10-28 16:57:16,773 -----输入用户名-----
INFO 2020-10-28 16:57:16,773 info message
INFO 2020-10-28 16:57:19,830 -----输入密码-----
INFO 2020-10-28 16:57:19,831 info message
INFO 2020-10-28 16:57:22,884 --点击登录--
INFO 2020-10-28 16:57:22,884 info message
INFO 2020-10-28 16:57:22,885 --获取弹出框内容--
INFO 2020-10-28 16:57:22,886 info message
INFO 2020-10-28 16:57:34,350 登录功能开始
INFO 2020-10-28 16:57:34,351 info message
INFO 2020-10-28 16:57:37,417 -----输入用户名-----
INFO 2020-10-28 16:57:37,418 info message
INFO 2020-10-28 16:57:40,472 -----输入密码-----
INFO 2020-10-28 16:57:40,472 info message
INFO 2020-10-28 16:57:43,525 --点击登录--
INFO 2020-10-28 16:57:43,525 info message
INFO 2020-10-28 16:57:43,527 --获取弹出框内容--
INFO 2020-10-28 16:57:43,528 info message
INFO 2020-10-28 16:57:54,984 登录功能开始
INFO 2020-10-28 16:57:54,984 info message
INFO 2020-10-28 16:57:58,068 -----输入用户名-----
INFO 2020-10-28 16:57:58,069 info message
INFO 2020-10-28 16:58:01,146 -----输入密码-----
INFO 2020-10-28 16:58:01,147 info message
INFO 2020-10-28 16:58:04,263 --点击登录--
INFO 2020-10-28 16:58:04,263 info message
INFO 2020-10-28 16:58:04,267 --获取弹出框内容--
INFO 2020-10-28 16:58:04,267 info message
INFO 2020-10-28 16:58:15,673 登录功能开始
INFO 2020-10-28 16:58:15,674 info message
INFO 2020-10-28 16:58:18,747 -----输入用户名-----
INFO 2020-10-28 16:58:18,747 info message
INFO 2020-10-28 16:58:21,811 -----输入密码-----
INFO 2020-10-28 16:58:21,811 info message
INFO 2020-10-28 16:58:24,867 --点击登录--
INFO 2020-10-28 16:58:24,867 info message
INFO 2020-10-28 16:58:24,869 --获取弹出框内容--
INFO 2020-10-28 16:58:24,870 info message
INFO 2020-10-28 16:58:36,268 登录功能开始
INFO 2020-10-28 16:58:36,268 info message
INFO 2020-10-28 16:58:39,333 -----输入用户名-----
INFO 2020-10-28 16:58:39,333 info message
INFO 2020-10-28 16:58:42,392 -----输入密码-----
INFO 2020-10-28 16:58:42,392 info message
INFO 2020-10-28 16:58:45,698 --点击登录--
INFO 2020-10-28 16:58:45,698 info message
INFO 2020-10-28 17:59:47,254 登录功能开始
INFO 2020-10-28 17:59:47,255 info message
INFO 2020-10-28 17:59:50,312 -----输入用户名-----
INFO 2020-10-28 17:59:50,312 info message
INFO 2020-10-28 17:59:53,364 -----输入密码-----
INFO 2020-10-28 17:59:53,364 info message
INFO 2020-10-28 17:59:56,431 --点击登录--
INFO 2020-10-28 17:59:56,431 info message
INFO 2020-10-28 17:59:56,433 --获取弹出框内容--
INFO 2020-10-28 17:59:56,433 info message
INFO 2020-10-28 18:00:07,656 登录功能开始
INFO 2020-10-28 18:00:07,656 info message
INFO 2020-10-28 18:00:10,727 -----输入用户名-----
INFO 2020-10-28 18:00:10,727 info message
INFO 2020-10-28 18:00:13,778 -----输入密码-----
INFO 2020-10-28 18:00:13,778 info message
INFO 2020-10-28 18:00:16,837 --点击登录--
INFO 2020-10-28 18:00:16,837 info message
INFO 2020-10-28 18:00:16,839 --获取弹出框内容--
INFO 2020-10-28 18:00:16,839 info message
INFO 2020-10-28 18:00:28,104 登录功能开始
INFO 2020-10-28 18:00:28,104 info message
INFO 2020-10-28 18:00:31,165 -----输入用户名-----
INFO 2020-10-28 18:00:31,165 info message
INFO 2020-10-28 18:00:34,222 -----输入密码-----
INFO 2020-10-28 18:00:34,222 info message
INFO 2020-10-28 18:00:37,325 --点击登录--
INFO 2020-10-28 18:00:37,325 info message
INFO 2020-10-28 18:00:37,328 --获取弹出框内容--
INFO 2020-10-28 18:00:37,328 info message
INFO 2020-10-28 18:00:48,541 登录功能开始
INFO 2020-10-28 18:00:48,541 info message
INFO 2020-10-28 18:00:51,617 -----输入用户名-----
INFO 2020-10-28 18:00:51,617 info message
INFO 2020-10-28 18:00:54,671 -----输入密码-----
INFO 2020-10-28 18:00:54,671 info message
INFO 2020-10-28 18:00:57,728 --点击登录--
INFO 2020-10-28 18:00:57,728 info message
INFO 2020-10-28 18:00:57,730 --获取弹出框内容--
INFO 2020-10-28 18:00:57,730 info message
INFO 2020-10-28 18:01:08,939 登录功能开始
INFO 2020-10-28 18:01:08,939 info message
INFO 2020-10-28 18:01:12,012 -----输入用户名-----
INFO 2020-10-28 18:01:12,012 info message
INFO 2020-10-28 18:01:15,079 -----输入密码-----
INFO 2020-10-28 18:01:15,079 info message
INFO 2020-10-28 18:01:18,403 --点击登录--
INFO 2020-10-28 18:01:18,404 info message
