INFO 2020-10-23 20:23:32,941 登录功能开始
INFO 2020-10-23 20:23:32,941 info message
INFO 2020-10-23 20:23:33,104 -----输入用户名-----
INFO 2020-10-23 20:23:33,104 info message
INFO 2020-10-23 20:23:33,276 -----输入密码-----
INFO 2020-10-23 20:23:33,276 info message
INFO 2020-10-23 20:23:33,417 --点击登录--
INFO 2020-10-23 20:23:33,418 info message
INFO 2020-10-23 20:23:33,424 --获取弹出框内容--
INFO 2020-10-23 20:23:33,424 info message
INFO 2020-10-23 20:23:46,047 登录功能开始
INFO 2020-10-23 20:23:46,047 info message
INFO 2020-10-23 20:23:46,133 -----输入用户名-----
INFO 2020-10-23 20:23:46,134 info message
INFO 2020-10-23 20:23:46,265 -----输入密码-----
INFO 2020-10-23 20:23:46,265 info message
INFO 2020-10-23 20:23:46,384 --点击登录--
INFO 2020-10-23 20:23:46,385 info message
INFO 2020-10-23 20:23:46,389 --获取弹出框内容--
INFO 2020-10-23 20:23:46,389 info message
INFO 2020-10-23 20:23:59,183 登录功能开始
INFO 2020-10-23 20:23:59,183 info message
INFO 2020-10-23 20:24:11,528 登录功能开始
INFO 2020-10-23 20:24:11,528 info message
INFO 2020-10-23 20:24:11,719 -----输入用户名-----
INFO 2020-10-23 20:24:11,720 info message
INFO 2020-10-23 20:24:11,812 -----输入密码-----
INFO 2020-10-23 20:24:11,813 info message
INFO 2020-10-23 20:24:11,921 --点击登录--
INFO 2020-10-23 20:24:11,921 info message
INFO 2020-10-23 20:24:11,925 --获取弹出框内容--
INFO 2020-10-23 20:24:11,925 info message
INFO 2020-10-23 20:24:24,444 登录功能开始
INFO 2020-10-23 20:24:24,444 info message
INFO 2020-10-23 20:24:24,668 -----输入用户名-----
INFO 2020-10-23 20:24:24,668 info message
