INFO 2020-10-27 10:47:04,866 登录功能开始
INFO 2020-10-27 10:47:04,887 info message
INFO 2020-10-27 10:47:08,046 -----输入用户名-----
INFO 2020-10-27 10:47:08,047 info message
INFO 2020-10-27 10:47:11,234 -----输入密码-----
INFO 2020-10-27 10:47:11,234 info message
INFO 2020-10-27 10:47:14,411 --点击登录--
INFO 2020-10-27 10:47:14,411 info message
INFO 2020-10-27 10:47:14,414 --获取弹出框内容--
INFO 2020-10-27 10:47:14,415 info message
INFO 2020-10-27 10:47:27,477 登录功能开始
INFO 2020-10-27 10:47:27,477 info message
INFO 2020-10-27 10:47:30,614 -----输入用户名-----
INFO 2020-10-27 10:47:30,614 info message
INFO 2020-10-27 10:47:33,752 -----输入密码-----
INFO 2020-10-27 10:47:33,752 info message
INFO 2020-10-27 10:47:36,852 --点击登录--
INFO 2020-10-27 10:47:36,852 info message
INFO 2020-10-27 10:47:36,856 --获取弹出框内容--
INFO 2020-10-27 10:47:36,856 info message
INFO 2020-10-27 10:47:49,984 登录功能开始
INFO 2020-10-27 10:47:49,984 info message
INFO 2020-10-27 10:47:53,220 -----输入用户名-----
INFO 2020-10-27 10:47:53,220 info message
INFO 2020-10-27 10:47:56,377 -----输入密码-----
INFO 2020-10-27 10:47:56,377 info message
INFO 2020-10-27 10:47:59,553 --点击登录--
INFO 2020-10-27 10:47:59,553 info message
INFO 2020-10-27 10:47:59,558 --获取弹出框内容--
INFO 2020-10-27 10:47:59,558 info message
INFO 2020-10-27 10:48:12,487 登录功能开始
INFO 2020-10-27 10:48:12,488 info message
INFO 2020-10-27 10:48:15,708 -----输入用户名-----
INFO 2020-10-27 10:48:15,708 info message
INFO 2020-10-27 10:48:18,800 -----输入密码-----
INFO 2020-10-27 10:48:18,800 info message
INFO 2020-10-27 10:48:21,906 --点击登录--
INFO 2020-10-27 10:48:21,906 info message
INFO 2020-10-27 10:48:21,911 --获取弹出框内容--
INFO 2020-10-27 10:48:21,912 info message
INFO 2020-10-27 10:48:34,818 登录功能开始
INFO 2020-10-27 10:48:34,819 info message
INFO 2020-10-27 10:48:38,020 -----输入用户名-----
INFO 2020-10-27 10:48:38,021 info message
INFO 2020-10-27 10:48:41,218 -----输入密码-----
INFO 2020-10-27 10:48:41,219 info message
INFO 2020-10-27 10:48:45,038 --点击登录--
INFO 2020-10-27 10:48:45,038 info message
